Arguments: 
  /Users/fnamazing/.nvm/versions/node/v8.11.3/bin/node /usr/local/Cellar/yarn/1.7.0/libexec/bin/yarn.js

PATH: 
  /Users/fnamazing/anaconda3/bin:/Users/fnamazing/.nvm/versions/node/v8.11.3/bin:/usr/local/bin:/usr/bin:/bin:/usr/sbin:/sbin:/Applications/VMware Fusion.app/Contents/Public:/usr/local/MacGPG2/bin:/Users/fnamazing/anaconda3/bin:/Users/fnamazing/.rvm/bin:/Users/fnamazing/.rvm/bin:/Users/fnamazing/.rvm/bin

Yarn version: 
  1.7.0

Node version: 
  8.11.3

Platform: 
  darwin x64

Trace: 
  Error: https://registry.yarnpkg.com/@atlaskit%2fssr: Not found
      at Request.params.callback [as _callback] (/usr/local/Cellar/yarn/1.7.0/libexec/lib/cli.js:65656:18)
      at Request.self.callback (/usr/local/Cellar/yarn/1.7.0/libexec/lib/cli.js:134675:22)
      at emitTwo (events.js:126:13)
      at Request.emit (events.js:214:7)
      at Request.<anonymous> (/usr/local/Cellar/yarn/1.7.0/libexec/lib/cli.js:135658:10)
      at emitOne (events.js:116:13)
      at Request.emit (events.js:211:7)
      at IncomingMessage.<anonymous> (/usr/local/Cellar/yarn/1.7.0/libexec/lib/cli.js:135578:12)
      at Object.onceWrapper (events.js:313:30)
      at emitNone (events.js:111:20)

npm manifest: 
  {
    "name": "@atlaskit/theme",
    "version": "8.0.0",
    "description": "The Atlaskit theme framework, by Findable",
    "license": "Apache-2.0",
    "module": "index.js",
    "atlaskit:src": "src/index.js",
    "sideEffects": false,
    "author": "Atlassian Pty Ltd",
    "maintainers": [
      "Sean C",
      "Ajay M",
      "Daniel D",
      "Kang C"
    ],
    "repository": "https://github.com/fnamazing/ak-theme",
    "dependencies": {
      "@babel/runtime": "^7.0.0",
      "exenv": "^1.2.2",
      "prop-types": "^15.5.10"
    },
    "peerDependencies": {
      "react": "^16.4.0",
      "styled-components": "^3.2.6"
    },
    "devDependencies": {
      "@atlaskit/build-utils": "^2.0.0",
      "@atlaskit/ssr": "^0.0.1",
      "@atlaskit/button": "^10.1.3",
      "@atlaskit/docs": "^7.0.0",
      "@atlaskit/lozenge": "^7.0.0",
      "@atlaskit/section-message": "^2.0.0",
      "@atlaskit/visual-regression": "^0.0.1",
      "color": "^3.0.0",
      "enzyme": "^3.7.0",
      "react-dom": "^16.4.2"
    },
    "keywords": [
      "atlaskit",
      "css",
      "theme",
      "react",
      "ui"
    ]
  }

yarn manifest: 
  No manifest

Lockfile: 
  No lockfile
